ERROR - 2026-02-20 19:22:51 --> Error connecting to the database: mysqli_sql_exception: No such file or directory in /opt/lampp/htdocs/hosts/Photos/system/Database/MySQLi/Connection.php:202
Stack trace:
#0 /opt/lampp/htdocs/hosts/Photos/system/Database/MySQLi/Connection.php(202): mysqli->real_connect()
#1 /opt/lampp/htdocs/hosts/Photos/system/Database/BaseConnection.php(419): CodeIgniter\Database\MySQLi\Connection->connect()
#2 /opt/lampp/htdocs/hosts/Photos/system/Database/BaseConnection.php(614): CodeIgniter\Database\BaseConnection->initialize()
#3 /opt/lampp/htdocs/hosts/Photos/system/Database/BaseConnection.php(1525): CodeIgniter\Database\BaseConnection->query()
#4 /opt/lampp/htdocs/hosts/Photos/system/Database/BaseConnection.php(1545): CodeIgniter\Database\BaseConnection->listTables()
#5 /opt/lampp/htdocs/hosts/Photos/system/Database/MigrationRunner.php(766): CodeIgniter\Database\BaseConnection->tableExists()
#6 /opt/lampp/htdocs/hosts/Photos/system/Database/MigrationRunner.php(160): CodeIgniter\Database\MigrationRunner->ensureTable()
#7 /opt/lampp/htdocs/hosts/Photos/system/Commands/Database/Migrate.php(85): CodeIgniter\Database\MigrationRunner->latest()
#8 /opt/lampp/htdocs/hosts/Photos/system/CLI/Commands.php(74): CodeIgniter\Commands\Database\Migrate->run()
#9 /opt/lampp/htdocs/hosts/Photos/system/CLI/Console.php(47): CodeIgniter\CLI\Commands->run()
#10 /opt/lampp/htdocs/hosts/Photos/system/Boot.php(388): CodeIgniter\CLI\Console->run()
#11 /opt/lampp/htdocs/hosts/Photos/system/Boot.php(133): CodeIgniter\Boot::runCommand()
#12 /opt/lampp/htdocs/hosts/Photos/spark(87): CodeIgniter\Boot::bootSpark()
#13 {main}

Next CodeIgniter\Database\Exceptions\DatabaseException: No such file or directory in /opt/lampp/htdocs/hosts/Photos/system/Database/MySQLi/Connection.php:246
Stack trace:
#0 /opt/lampp/htdocs/hosts/Photos/system/Database/BaseConnection.php(419): CodeIgniter\Database\MySQLi\Connection->connect()
#1 /opt/lampp/htdocs/hosts/Photos/system/Database/BaseConnection.php(614): CodeIgniter\Database\BaseConnection->initialize()
#2 /opt/lampp/htdocs/hosts/Photos/system/Database/BaseConnection.php(1525): CodeIgniter\Database\BaseConnection->query()
#3 /opt/lampp/htdocs/hosts/Photos/system/Database/BaseConnection.php(1545): CodeIgniter\Database\BaseConnection->listTables()
#4 /opt/lampp/htdocs/hosts/Photos/system/Database/MigrationRunner.php(766): CodeIgniter\Database\BaseConnection->tableExists()
#5 /opt/lampp/htdocs/hosts/Photos/system/Database/MigrationRunner.php(160): CodeIgniter\Database\MigrationRunner->ensureTable()
#6 /opt/lampp/htdocs/hosts/Photos/system/Commands/Database/Migrate.php(85): CodeIgniter\Database\MigrationRunner->latest()
#7 /opt/lampp/htdocs/hosts/Photos/system/CLI/Commands.php(74): CodeIgniter\Commands\Database\Migrate->run()
#8 /opt/lampp/htdocs/hosts/Photos/system/CLI/Console.php(47): CodeIgniter\CLI\Commands->run()
#9 /opt/lampp/htdocs/hosts/Photos/system/Boot.php(388): CodeIgniter\CLI\Console->run()
#10 /opt/lampp/htdocs/hosts/Photos/system/Boot.php(133): CodeIgniter\Boot::runCommand()
#11 /opt/lampp/htdocs/hosts/Photos/spark(87): CodeIgniter\Boot::bootSpark()
#12 {main}
ERROR - 2026-02-20 19:55:14 --> Error connecting to the database: mysqli_sql_exception: Unknown database 'photos_app' in /opt/lampp/htdocs/hosts/Photos/system/Database/MySQLi/Connection.php:201
Stack trace:
#0 /opt/lampp/htdocs/hosts/Photos/system/Database/MySQLi/Connection.php(201): mysqli->real_connect('localhost', 'root', Object(SensitiveParameterValue), 'photos_app', 3306, '', 0)
#1 /opt/lampp/htdocs/hosts/Photos/system/Database/BaseConnection.php(419): CodeIgniter\Database\MySQLi\Connection->connect(false)
#2 /opt/lampp/htdocs/hosts/Photos/system/Database/BaseConnection.php(614): CodeIgniter\Database\BaseConnection->initialize()
#3 /opt/lampp/htdocs/hosts/Photos/system/Database/BaseBuilder.php(1649): CodeIgniter\Database\BaseConnection->query('SELECT *\nFROM `...', Array, false)
#4 /opt/lampp/htdocs/hosts/Photos/system/Model.php(286): CodeIgniter\Database\BaseBuilder->get()
#5 /opt/lampp/htdocs/hosts/Photos/system/BaseModel.php(677): CodeIgniter\Model->doFindAll(0, 0)
#6 /opt/lampp/htdocs/hosts/Photos/app/Controllers/Photos.php(13): CodeIgniter\BaseModel->findAll()
#7 /opt/lampp/htdocs/hosts/Photos/system/CodeIgniter.php(933): App\Controllers\Photos->index()
#8 /opt/lampp/htdocs/hosts/Photos/system/CodeIgniter.php(507): CodeIgniter\CodeIgniter->runController(Object(App\Controllers\Photos))
#9 /opt/lampp/htdocs/hosts/Photos/system/CodeIgniter.php(354): CodeIgniter\CodeIgniter->handleRequest(NULL, Object(Config\Cache), false)
#10 /opt/lampp/htdocs/hosts/Photos/system/Boot.php(363): CodeIgniter\CodeIgniter->run()
#11 /opt/lampp/htdocs/hosts/Photos/system/Boot.php(68): CodeIgniter\Boot::runCodeIgniter(Object(CodeIgniter\CodeIgniter))
#12 /opt/lampp/htdocs/hosts/Photos/public/index.php(59): CodeIgniter\Boot::bootWeb(Object(Config\Paths))
#13 {main}

Next CodeIgniter\Database\Exceptions\DatabaseException: Unknown database 'photos_app' in /opt/lampp/htdocs/hosts/Photos/system/Database/MySQLi/Connection.php:246
Stack trace:
#0 /opt/lampp/htdocs/hosts/Photos/system/Database/BaseConnection.php(419): CodeIgniter\Database\MySQLi\Connection->connect(false)
#1 /opt/lampp/htdocs/hosts/Photos/system/Database/BaseConnection.php(614): CodeIgniter\Database\BaseConnection->initialize()
#2 /opt/lampp/htdocs/hosts/Photos/system/Database/BaseBuilder.php(1649): CodeIgniter\Database\BaseConnection->query('SELECT *\nFROM `...', Array, false)
#3 /opt/lampp/htdocs/hosts/Photos/system/Model.php(286): CodeIgniter\Database\BaseBuilder->get()
#4 /opt/lampp/htdocs/hosts/Photos/system/BaseModel.php(677): CodeIgniter\Model->doFindAll(0, 0)
#5 /opt/lampp/htdocs/hosts/Photos/app/Controllers/Photos.php(13): CodeIgniter\BaseModel->findAll()
#6 /opt/lampp/htdocs/hosts/Photos/system/CodeIgniter.php(933): App\Controllers\Photos->index()
#7 /opt/lampp/htdocs/hosts/Photos/system/CodeIgniter.php(507): CodeIgniter\CodeIgniter->runController(Object(App\Controllers\Photos))
#8 /opt/lampp/htdocs/hosts/Photos/system/CodeIgniter.php(354): CodeIgniter\CodeIgniter->handleRequest(NULL, Object(Config\Cache), false)
#9 /opt/lampp/htdocs/hosts/Photos/system/Boot.php(363): CodeIgniter\CodeIgniter->run()
#10 /opt/lampp/htdocs/hosts/Photos/system/Boot.php(68): CodeIgniter\Boot::runCodeIgniter(Object(CodeIgniter\CodeIgniter))
#11 /opt/lampp/htdocs/hosts/Photos/public/index.php(59): CodeIgniter\Boot::bootWeb(Object(Config\Paths))
#12 {main}
CRITICAL - 2026-02-20 19:55:14 --> CodeIgniter\Database\Exceptions\DatabaseException: Unable to connect to the database.
Main connection [MySQLi]: Unknown database 'photos_app'
[Method: GET, Route: /]
in SYSTEMPATH/Database/BaseConnection.php on line 465.
 1 SYSTEMPATH/Database/BaseConnection.php(614): CodeIgniter\Database\BaseConnection->initialize()
 2 SYSTEMPATH/Database/BaseBuilder.php(1649): CodeIgniter\Database\BaseConnection->query('SELECT *
FROM `photos`
ORDER BY `taken_at` DESC', [], false)
 3 SYSTEMPATH/Model.php(286): CodeIgniter\Database\BaseBuilder->get()
 4 SYSTEMPATH/BaseModel.php(677): CodeIgniter\Model->doFindAll(0, 0)
 5 APPPATH/Controllers/Photos.php(13): CodeIgniter\BaseModel->findAll()
 6 SYSTEMPATH/CodeIgniter.php(933): App\Controllers\Photos->index()
 7 SYSTEMPATH/CodeIgniter.php(507): CodeIgniter\CodeIgniter->runController(Object(App\Controllers\Photos))
 8 SYSTEMPATH/CodeIgniter.php(354): CodeIgniter\CodeIgniter->handleRequest(null, Object(Config\Cache), false)
 9 SYSTEMPATH/Boot.php(363): CodeIgniter\CodeIgniter->run()
10 SYSTEMPATH/Boot.php(68): CodeIgniter\Boot::runCodeIgniter(Object(CodeIgniter\CodeIgniter))
11 FCPATH/index.php(59): CodeIgniter\Boot::bootWeb(Object(Config\Paths))
ERROR - 2026-02-20 19:55:16 --> Error connecting to the database: mysqli_sql_exception: Unknown database 'photos_app' in /opt/lampp/htdocs/hosts/Photos/system/Database/MySQLi/Connection.php:201
Stack trace:
#0 /opt/lampp/htdocs/hosts/Photos/system/Database/MySQLi/Connection.php(201): mysqli->real_connect('localhost', 'root', Object(SensitiveParameterValue), 'photos_app', 3306, '', 0)
#1 /opt/lampp/htdocs/hosts/Photos/system/Database/BaseConnection.php(419): CodeIgniter\Database\MySQLi\Connection->connect(false)
#2 /opt/lampp/htdocs/hosts/Photos/system/Database/BaseConnection.php(614): CodeIgniter\Database\BaseConnection->initialize()
#3 /opt/lampp/htdocs/hosts/Photos/system/Database/BaseBuilder.php(1649): CodeIgniter\Database\BaseConnection->query('SELECT *\nFROM `...', Array, false)
#4 /opt/lampp/htdocs/hosts/Photos/system/Model.php(286): CodeIgniter\Database\BaseBuilder->get()
#5 /opt/lampp/htdocs/hosts/Photos/system/BaseModel.php(677): CodeIgniter\Model->doFindAll(0, 0)
#6 /opt/lampp/htdocs/hosts/Photos/app/Controllers/Photos.php(13): CodeIgniter\BaseModel->findAll()
#7 /opt/lampp/htdocs/hosts/Photos/system/CodeIgniter.php(933): App\Controllers\Photos->index()
#8 /opt/lampp/htdocs/hosts/Photos/system/CodeIgniter.php(507): CodeIgniter\CodeIgniter->runController(Object(App\Controllers\Photos))
#9 /opt/lampp/htdocs/hosts/Photos/system/CodeIgniter.php(354): CodeIgniter\CodeIgniter->handleRequest(NULL, Object(Config\Cache), false)
#10 /opt/lampp/htdocs/hosts/Photos/system/Boot.php(363): CodeIgniter\CodeIgniter->run()
#11 /opt/lampp/htdocs/hosts/Photos/system/Boot.php(68): CodeIgniter\Boot::runCodeIgniter(Object(CodeIgniter\CodeIgniter))
#12 /opt/lampp/htdocs/hosts/Photos/public/index.php(59): CodeIgniter\Boot::bootWeb(Object(Config\Paths))
#13 {main}

Next CodeIgniter\Database\Exceptions\DatabaseException: Unknown database 'photos_app' in /opt/lampp/htdocs/hosts/Photos/system/Database/MySQLi/Connection.php:246
Stack trace:
#0 /opt/lampp/htdocs/hosts/Photos/system/Database/BaseConnection.php(419): CodeIgniter\Database\MySQLi\Connection->connect(false)
#1 /opt/lampp/htdocs/hosts/Photos/system/Database/BaseConnection.php(614): CodeIgniter\Database\BaseConnection->initialize()
#2 /opt/lampp/htdocs/hosts/Photos/system/Database/BaseBuilder.php(1649): CodeIgniter\Database\BaseConnection->query('SELECT *\nFROM `...', Array, false)
#3 /opt/lampp/htdocs/hosts/Photos/system/Model.php(286): CodeIgniter\Database\BaseBuilder->get()
#4 /opt/lampp/htdocs/hosts/Photos/system/BaseModel.php(677): CodeIgniter\Model->doFindAll(0, 0)
#5 /opt/lampp/htdocs/hosts/Photos/app/Controllers/Photos.php(13): CodeIgniter\BaseModel->findAll()
#6 /opt/lampp/htdocs/hosts/Photos/system/CodeIgniter.php(933): App\Controllers\Photos->index()
#7 /opt/lampp/htdocs/hosts/Photos/system/CodeIgniter.php(507): CodeIgniter\CodeIgniter->runController(Object(App\Controllers\Photos))
#8 /opt/lampp/htdocs/hosts/Photos/system/CodeIgniter.php(354): CodeIgniter\CodeIgniter->handleRequest(NULL, Object(Config\Cache), false)
#9 /opt/lampp/htdocs/hosts/Photos/system/Boot.php(363): CodeIgniter\CodeIgniter->run()
#10 /opt/lampp/htdocs/hosts/Photos/system/Boot.php(68): CodeIgniter\Boot::runCodeIgniter(Object(CodeIgniter\CodeIgniter))
#11 /opt/lampp/htdocs/hosts/Photos/public/index.php(59): CodeIgniter\Boot::bootWeb(Object(Config\Paths))
#12 {main}
CRITICAL - 2026-02-20 19:55:16 --> CodeIgniter\Database\Exceptions\DatabaseException: Unable to connect to the database.
Main connection [MySQLi]: Unknown database 'photos_app'
[Method: GET, Route: /]
in SYSTEMPATH/Database/BaseConnection.php on line 465.
 1 SYSTEMPATH/Database/BaseConnection.php(614): CodeIgniter\Database\BaseConnection->initialize()
 2 SYSTEMPATH/Database/BaseBuilder.php(1649): CodeIgniter\Database\BaseConnection->query('SELECT *
FROM `photos`
ORDER BY `taken_at` DESC', [], false)
 3 SYSTEMPATH/Model.php(286): CodeIgniter\Database\BaseBuilder->get()
 4 SYSTEMPATH/BaseModel.php(677): CodeIgniter\Model->doFindAll(0, 0)
 5 APPPATH/Controllers/Photos.php(13): CodeIgniter\BaseModel->findAll()
 6 SYSTEMPATH/CodeIgniter.php(933): App\Controllers\Photos->index()
 7 SYSTEMPATH/CodeIgniter.php(507): CodeIgniter\CodeIgniter->runController(Object(App\Controllers\Photos))
 8 SYSTEMPATH/CodeIgniter.php(354): CodeIgniter\CodeIgniter->handleRequest(null, Object(Config\Cache), false)
 9 SYSTEMPATH/Boot.php(363): CodeIgniter\CodeIgniter->run()
10 SYSTEMPATH/Boot.php(68): CodeIgniter\Boot::runCodeIgniter(Object(CodeIgniter\CodeIgniter))
11 FCPATH/index.php(59): CodeIgniter\Boot::bootWeb(Object(Config\Paths))
